#
# There is insufficient memory for the Java Runtime Environment to continue.
# Native memory allocation (malloc) failed to allocate 32744 bytes for ChunkPool::allocate
# Possible reasons:
#   The system is out of physical RAM or swap space
#   The process is running with CompressedOops enabled, and the Java Heap may be blocking the growth of the native heap
# Possible solutions:
#   Reduce memory load on the system
#   Increase physical memory or swap space
#   Check if swap backing store is full
#   Decrease Java heap size (-Xmx/-Xms)
#   Decrease number of Java threads
#   Decrease Java thread stack sizes (-Xss)
#   Set larger code cache with -XX:ReservedCodeCacheSize=
#   JVM is running with Zero Based Compressed Oops mode in which the Java heap is
#     placed in the first 32GB address space. The Java Heap base address is the
#     maximum limit for the native heap growth. Please use -XX:HeapBaseMinAddress
#     to set the Java Heap base and to place the Java Heap above 32GB virtual address.
# This output file may be truncated or incomplete.
#
#  Out of Memory Error (arena.cpp:78), pid=10680, tid=12900
#
# JRE version: Java(TM) SE Runtime Environment (17.0.17+8) (build 17.0.17+8-LTS-360)
# Java VM: Java HotSpot(TM) 64-Bit Server VM (17.0.17+8-LTS-360, mixed mode, sharing, tiered, compressed oops, compressed class ptrs, g1 gc, windows-amd64)
# No core dump will be written. Minidumps are not enabled by default on client versions of Windows
#

---------------  S U M M A R Y ------------

Command Line: -Dfile.encoding=UTF-8 -Dstdout.encoding=UTF-8 -Dstderr.encoding=UTF-8 -XX:+ShowCodeDetailsInExceptionMessages chapter03.whileTest.Example06

Host: AMD Ryzen 7 8845HS w/ Radeon 780M Graphics, 16 cores, 15G,  Windows 11 , 64 bit Build 22621 (10.0.22621.5415)
Time: Tue Dec 23 14:54:31 2025  Windows 11 , 64 bit Build 22621 (10.0.22621.5415) elapsed time: 6.076522 seconds (0d 0h 0m 6s)

---------------  T H R E A D  ---------------

Current thread (0x000002b7d98fbcf0):  JavaThread "C1 CompilerThread0" daemon [_thread_in_native, id=12900, stack(0x000000ef76c00000,0x000000ef76d00000)]


Current CompileTask:
C1:   6076  235       3       jdk.internal.org.objectweb.asm.Frame::execute (2305 bytes)

Stack: [0x000000ef76c00000,0x000000ef76d00000]
Native frames: (J=compiled Java code, j=interpreted, Vv=VM code, C=native code)
V  [jvm.dll+0x67a0ea]
V  [jvm.dll+0x7da56d]
V  [jvm.dll+0x7dbeb3]
V  [jvm.dll+0x7dc523]
V  [jvm.dll+0x2453af]
V  [jvm.dll+0xab994]
V  [jvm.dll+0xabd2c]
V  [jvm.dll+0x178a9b]
V  [jvm.dll+0x177804]
V  [jvm.dll+0x177aca]
V  [jvm.dll+0x17a0f7]
V  [jvm.dll+0x135723]
V  [jvm.dll+0x134fef]
V  [jvm.dll+0x135238]
V  [jvm.dll+0x1346c1]
V  [jvm.dll+0x1363ad]
V  [jvm.dll+0x22642b]
V  [jvm.dll+0x2245cb]
V  [jvm.dll+0x790964]
V  [jvm.dll+0x78af4a]
V  [jvm.dll+0x678fd5]
C  [ucrtbase.dll+0x29333]
C  [KERNEL32.DLL+0x1259d]
C  [ntdll.dll+0x5af78]


---------------  P R O C E S S  ---------------

Threads class SMR info:
_java_thread_list=0x000002b7d9b39940, length=15, elements={
0x000002b7b656ec10, 0x000002b7d98c7980, 0x000002b7d98ca340, 0x000002b7d98e0080,
0x000002b7d98e0a30, 0x000002b7d98e33f0, 0x000002b7d98ecdc0, 0x000002b7d98fa330,
0x000002b7d98fbcf0, 0x000002b7d9904dc0, 0x000002b7d9a58080, 0x000002b7d9a5b410,
0x000002b7d9b1df10, 0x000002b7d9b1e420, 0x000002b7d9b1e930
}

Java Threads: ( => current thread )
  0x000002b7b656ec10 JavaThread "main" [_thread_in_native, id=18304, stack(0x000000ef75e00000,0x000000ef75f00000)]
  0x000002b7d98c7980 JavaThread "Reference Handler" daemon [_thread_blocked, id=13188, stack(0x000000ef76500000,0x000000ef76600000)]
  0x000002b7d98ca340 JavaThread "Finalizer" daemon [_thread_blocked, id=13120, stack(0x000000ef76600000,0x000000ef76700000)]
  0x000002b7d98e0080 JavaThread "Signal Dispatcher" daemon [_thread_blocked, id=11304, stack(0x000000ef76700000,0x000000ef76800000)]
  0x000002b7d98e0a30 JavaThread "Attach Listener" daemon [_thread_blocked, id=16980, stack(0x000000ef76800000,0x000000ef76900000)]
  0x000002b7d98e33f0 JavaThread "Service Thread" daemon [_thread_blocked, id=19696, stack(0x000000ef76900000,0x000000ef76a00000)]
  0x000002b7d98ecdc0 JavaThread "Monitor Deflation Thread" daemon [_thread_blocked, id=19940, stack(0x000000ef76a00000,0x000000ef76b00000)]
  0x000002b7d98fa330 JavaThread "C2 CompilerThread0" daemon [_thread_in_native, id=20276, stack(0x000000ef76b00000,0x000000ef76c00000)]
=>0x000002b7d98fbcf0 JavaThread "C1 CompilerThread0" daemon [_thread_in_native, id=12900, stack(0x000000ef76c00000,0x000000ef76d00000)]
  0x000002b7d9904dc0 JavaThread "Sweeper thread" daemon [_thread_blocked, id=14716, stack(0x000000ef76d00000,0x000000ef76e00000)]
  0x000002b7d9a58080 JavaThread "Notification Thread" daemon [_thread_blocked, id=20608, stack(0x000000ef76f00000,0x000000ef77000000)]
  0x000002b7d9a5b410 JavaThread "Common-Cleaner" daemon [_thread_blocked, id=6988, stack(0x000000ef77100000,0x000000ef77200000)]
  0x000002b7d9b1df10 JavaThread "C1 CompilerThread1" daemon [_thread_in_native, id=9912, stack(0x000000ef76e00000,0x000000ef76f00000)]
  0x000002b7d9b1e420 JavaThread "C1 CompilerThread2" daemon [_thread_blocked, id=8364, stack(0x000000ef77200000,0x000000ef77300000)]
  0x000002b7d9b1e930 JavaThread "C1 CompilerThread3" daemon [_thread_in_native, id=18864, stack(0x000000ef77300000,0x000000ef77400000)]

Other Threads:
  0x000002b7d98c1fd0 VMThread "VM Thread" [stack: 0x000000ef76400000,0x000000ef76500000] [id=14092]
  0x000002b7d9a59580 WatcherThread [stack: 0x000000ef77000000,0x000000ef77100000] [id=16528]
  0x000002b7b65d7a40 GCTaskThread "GC Thread#0" [stack: 0x000000ef75f00000,0x000000ef76000000] [id=13396]
  0x000002b7b65e85f0 ConcurrentGCThread "G1 Main Marker" [stack: 0x000000ef76000000,0x000000ef76100000] [id=19204]
  0x000002b7b65e9000 ConcurrentGCThread "G1 Conc#0" [stack: 0x000000ef76100000,0x000000ef76200000] [id=10812]
  0x000002b7d977a520 ConcurrentGCThread "G1 Refine#0" [stack: 0x000000ef76200000,0x000000ef76300000] [id=16260]
  0x000002b7d977ae60 ConcurrentGCThread "G1 Service" [stack: 0x000000ef76300000,0x000000ef76400000] [id=15108]

Threads with active compile tasks:
C2 CompilerThread0     6092  266       4       java.lang.String::charAt (25 bytes)
C1 CompilerThread0     6092  235       3       jdk.internal.org.objectweb.asm.Frame::execute (2305 bytes)
C1 CompilerThread1     6092  248       3       sun.invoke.util.VerifyAccess::isTypeVisible (118 bytes)
C1 CompilerThread3     6092  237       3       jdk.internal.org.objectweb.asm.Frame::push (109 bytes)

VM state: not at safepoint (normal execution)

VM Mutex/Monitor currently owned by a thread: None

Heap address: 0x000000070bc00000, size: 3908 MB, Compressed Oops mode: Zero based, Oop shift amount: 3

CDS archive(s) mapped at: [0x000002b7da000000-0x000002b7dabd0000-0x000002b7dabd0000), size 12386304, SharedBaseAddress: 0x000002b7da000000, ArchiveRelocationMode: 1.
Compressed class space mapped at: 0x000002b7db000000-0x000002b81b000000, reserved size: 1073741824
Narrow klass base: 0x000002b7da000000, Narrow klass shift: 0, Narrow klass range: 0x100000000

GC Precious Log:
 CPUs: 16 total, 16 available
 Memory: 15627M
 Large Page Support: Disabled
 NUMA Support: Disabled
 Compressed Oops: Enabled (Zero based)
 Heap Region Size: 2M
 Heap Min Capacity: 8M
 Heap Initial Capacity: 246M
 Heap Max Capacity: 3908M
 Pre-touch: Disabled
 Parallel Workers: 13
 Concurrent Workers: 3
 Concurrent Refinement Workers: 13
 Periodic GC: Disabled

Heap:
 garbage-first heap   total 251904K, used 2048K [0x000000070bc00000, 0x0000000800000000)
  region size 2048K, 2 young (4096K), 0 survivors (0K)
 Metaspace       used 592K, committed 704K, reserved 1114112K
  class space    used 42K, committed 128K, reserved 1048576K

Heap Regions: E=young(eden), S=young(survivor), O=old, HS=humongous(starts), HC=humongous(continues), CS=collection set, F=free, OA=open archive, CA=closed archive, TAMS=top-at-mark-start (previous, next)
|   0|0x000000070bc00000, 0x000000070bc00000, 0x000000070be00000|  0%| F|  |TAMS 0x000000070bc00000, 0x000000070bc00000| Untracked 
|   1|0x000000070be00000, 0x000000070be00000, 0x000000070c000000|  0%| F|  |TAMS 0x000000070be00000, 0x000000070be00000| Untracked 
|   2|0x000000070c000000, 0x000000070c000000, 0x000000070c200000|  0%| F|  |TAMS 0x000000070c000000, 0x000000070c000000| Untracked 
|   3|0x000000070c200000, 0x000000070c200000, 0x000000070c400000|  0%| F|  |TAMS 0x000000070c200000, 0x000000070c200000| Untracked 
|   4|0x000000070c400000, 0x000000070c400000, 0x000000070c600000|  0%| F|  |TAMS 0x000000070c400000, 0x000000070c400000| Untracked 
|   5|0x000000070c600000, 0x000000070c600000, 0x000000070c800000|  0%| F|  |TAMS 0x000000070c600000, 0x000000070c600000| Untracked 
|   6|0x000000070c800000, 0x000000070c800000, 0x000000070ca00000|  0%| F|  |TAMS 0x000000070c800000, 0x000000070c800000| Untracked 
|   7|0x000000070ca00000, 0x000000070ca00000, 0x000000070cc00000|  0%| F|  |TAMS 0x000000070ca00000, 0x000000070ca00000| Untracked 
|   8|0x000000070cc00000, 0x000000070cc00000, 0x000000070ce00000|  0%| F|  |TAMS 0x000000070cc00000, 0x000000070cc00000| Untracked 
|   9|0x000000070ce00000, 0x000000070ce00000, 0x000000070d000000|  0%| F|  |TAMS 0x000000070ce00000, 0x000000070ce00000| Untracked 
|  10|0x000000070d000000, 0x000000070d000000, 0x000000070d200000|  0%| F|  |TAMS 0x000000070d000000, 0x000000070d000000| Untracked 
|  11|0x000000070d200000, 0x000000070d200000, 0x000000070d400000|  0%| F|  |TAMS 0x000000070d200000, 0x000000070d200000| Untracked 
|  12|0x000000070d400000, 0x000000070d400000, 0x000000070d600000|  0%| F|  |TAMS 0x000000070d400000, 0x000000070d400000| Untracked 
|  13|0x000000070d600000, 0x000000070d600000, 0x000000070d800000|  0%| F|  |TAMS 0x000000070d600000, 0x000000070d600000| Untracked 
|  14|0x000000070d800000, 0x000000070d800000, 0x000000070da00000|  0%| F|  |TAMS 0x000000070d800000, 0x000000070d800000| Untracked 
|  15|0x000000070da00000, 0x000000070da00000, 0x000000070dc00000|  0%| F|  |TAMS 0x000000070da00000, 0x000000070da00000| Untracked 
|  16|0x000000070dc00000, 0x000000070dc00000, 0x000000070de00000|  0%| F|  |TAMS 0x000000070dc00000, 0x000000070dc00000| Untracked 
|  17|0x000000070de00000, 0x000000070de00000, 0x000000070e000000|  0%| F|  |TAMS 0x000000070de00000, 0x000000070de00000| Untracked 
|  18|0x000000070e000000, 0x000000070e000000, 0x000000070e200000|  0%| F|  |TAMS 0x000000070e000000, 0x000000070e000000| Untracked 
|  19|0x000000070e200000, 0x000000070e200000, 0x000000070e400000|  0%| F|  |TAMS 0x000000070e200000, 0x000000070e200000| Untracked 
|  20|0x000000070e400000, 0x000000070e400000, 0x000000070e600000|  0%| F|  |TAMS 0x000000070e400000, 0x000000070e400000| Untracked 
|  21|0x000000070e600000, 0x000000070e600000, 0x000000070e800000|  0%| F|  |TAMS 0x000000070e600000, 0x000000070e600000| Untracked 
|  22|0x000000070e800000, 0x000000070e800000, 0x000000070ea00000|  0%| F|  |TAMS 0x000000070e800000, 0x000000070e800000| Untracked 
|  23|0x000000070ea00000, 0x000000070ea00000, 0x000000070ec00000|  0%| F|  |TAMS 0x000000070ea00000, 0x000000070ea00000| Untracked 
|  24|0x000000070ec00000, 0x000000070ec00000, 0x000000070ee00000|  0%| F|  |TAMS 0x000000070ec00000, 0x000000070ec00000| Untracked 
|  25|0x000000070ee00000, 0x000000070ee00000, 0x000000070f000000|  0%| F|  |TAMS 0x000000070ee00000, 0x000000070ee00000| Untracked 
|  26|0x000000070f000000, 0x000000070f000000, 0x000000070f200000|  0%| F|  |TAMS 0x000000070f000000, 0x000000070f000000| Untracked 
|  27|0x000000070f200000, 0x000000070f200000, 0x000000070f400000|  0%| F|  |TAMS 0x000000070f200000, 0x000000070f200000| Untracked 
|  28|0x000000070f400000, 0x000000070f400000, 0x000000070f600000|  0%| F|  |TAMS 0x000000070f400000, 0x000000070f400000| Untracked 
|  29|0x000000070f600000, 0x000000070f600000, 0x000000070f800000|  0%| F|  |TAMS 0x000000070f600000, 0x000000070f600000| Untracked 
|  30|0x000000070f800000, 0x000000070f800000, 0x000000070fa00000|  0%| F|  |TAMS 0x000000070f800000, 0x000000070f800000| Untracked 
|  31|0x000000070fa00000, 0x000000070fa00000, 0x000000070fc00000|  0%| F|  |TAMS 0x000000070fa00000, 0x000000070fa00000| Untracked 
|  32|0x000000070fc00000, 0x000000070fc00000, 0x000000070fe00000|  0%| F|  |TAMS 0x000000070fc00000, 0x000000070fc00000| Untracked 
|  33|0x000000070fe00000, 0x000000070fe00000, 0x0000000710000000|  0%| F|  |TAMS 0x000000070fe00000, 0x000000070fe00000| Untracked 
|  34|0x0000000710000000, 0x0000000710000000, 0x0000000710200000|  0%| F|  |TAMS 0x0000000710000000, 0x0000000710000000| Untracked 
|  35|0x0000000710200000, 0x0000000710200000, 0x0000000710400000|  0%| F|  |TAMS 0x0000000710200000, 0x0000000710200000| Untracked 
|  36|0x0000000710400000, 0x0000000710400000, 0x0000000710600000|  0%| F|  |TAMS 0x0000000710400000, 0x0000000710400000| Untracked 
|  37|0x0000000710600000, 0x0000000710600000, 0x0000000710800000|  0%| F|  |TAMS 0x0000000710600000, 0x0000000710600000| Untracked 
|  38|0x0000000710800000, 0x0000000710800000, 0x0000000710a00000|  0%| F|  |TAMS 0x0000000710800000, 0x0000000710800000| Untracked 
|  39|0x0000000710a00000, 0x0000000710a00000, 0x0000000710c00000|  0%| F|  |TAMS 0x0000000710a00000, 0x0000000710a00000| Untracked 
|  40|0x0000000710c00000, 0x0000000710c00000, 0x0000000710e00000|  0%| F|  |TAMS 0x0000000710c00000, 0x0000000710c00000| Untracked 
|  41|0x0000000710e00000, 0x0000000710e00000, 0x0000000711000000|  0%| F|  |TAMS 0x0000000710e00000, 0x0000000710e00000| Untracked 
|  42|0x0000000711000000, 0x0000000711000000, 0x0000000711200000|  0%| F|  |TAMS 0x0000000711000000, 0x0000000711000000| Untracked 
|  43|0x0000000711200000, 0x0000000711200000, 0x0000000711400000|  0%| F|  |TAMS 0x0000000711200000, 0x0000000711200000| Untracked 
|  44|0x0000000711400000, 0x0000000711400000, 0x0000000711600000|  0%| F|  |TAMS 0x0000000711400000, 0x0000000711400000| Untracked 
|  45|0x0000000711600000, 0x0000000711600000, 0x0000000711800000|  0%| F|  |TAMS 0x0000000711600000, 0x0000000711600000| Untracked 
|  46|0x0000000711800000, 0x0000000711800000, 0x0000000711a00000|  0%| F|  |TAMS 0x0000000711800000, 0x0000000711800000| Untracked 
|  47|0x0000000711a00000, 0x0000000711a00000, 0x0000000711c00000|  0%| F|  |TAMS 0x0000000711a00000, 0x0000000711a00000| Untracked 
|  48|0x0000000711c00000, 0x0000000711c00000, 0x0000000711e00000|  0%| F|  |TAMS 0x0000000711c00000, 0x0000000711c00000| Untracked 
|  49|0x0000000711e00000, 0x0000000711e00000, 0x0000000712000000|  0%| F|  |TAMS 0x0000000711e00000, 0x0000000711e00000| Untracked 
|  50|0x0000000712000000, 0x0000000712000000, 0x0000000712200000|  0%| F|  |TAMS 0x0000000712000000, 0x0000000712000000| Untracked 
|  51|0x0000000712200000, 0x0000000712200000, 0x0000000712400000|  0%| F|  |TAMS 0x0000000712200000, 0x0000000712200000| Untracked 
|  52|0x0000000712400000, 0x0000000712400000, 0x0000000712600000|  0%| F|  |TAMS 0x0000000712400000, 0x0000000712400000| Untracked 
|  53|0x0000000712600000, 0x0000000712600000, 0x0000000712800000|  0%| F|  |TAMS 0x0000000712600000, 0x0000000712600000| Untracked 
|  54|0x0000000712800000, 0x0000000712800000, 0x0000000712a00000|  0%| F|  |TAMS 0x0000000712800000, 0x0000000712800000| Untracked 
|  55|0x0000000712a00000, 0x0000000712a00000, 0x0000000712c00000|  0%| F|  |TAMS 0x0000000712a00000, 0x0000000712a00000| Untracked 
|  56|0x0000000712c00000, 0x0000000712c00000, 0x0000000712e00000|  0%| F|  |TAMS 0x0000000712c00000, 0x0000000712c00000| Untracked 
|  57|0x0000000712e00000, 0x0000000712e00000, 0x0000000713000000|  0%| F|  |TAMS 0x0000000712e00000, 0x0000000712e00000| Untracked 
|  58|0x0000000713000000, 0x0000000713000000, 0x0000000713200000|  0%| F|  |TAMS 0x0000000713000000, 0x0000000713000000| Untracked 
|  59|0x0000000713200000, 0x0000000713200000, 0x0000000713400000|  0%| F|  |TAMS 0x0000000713200000, 0x0000000713200000| Untracked 
|  60|0x0000000713400000, 0x0000000713400000, 0x0000000713600000|  0%| F|  |TAMS 0x0000000713400000, 0x0000000713400000| Untracked 
|  61|0x0000000713600000, 0x0000000713600000, 0x0000000713800000|  0%| F|  |TAMS 0x0000000713600000, 0x0000000713600000| Untracked 
|  62|0x0000000713800000, 0x0000000713800000, 0x0000000713a00000|  0%| F|  |TAMS 0x0000000713800000, 0x0000000713800000| Untracked 
|  63|0x0000000713a00000, 0x0000000713a00000, 0x0000000713c00000|  0%| F|  |TAMS 0x0000000713a00000, 0x0000000713a00000| Untracked 
|  64|0x0000000713c00000, 0x0000000713c00000, 0x0000000713e00000|  0%| F|  |TAMS 0x0000000713c00000, 0x0000000713c00000| Untracked 
|  65|0x0000000713e00000, 0x0000000713e00000, 0x0000000714000000|  0%| F|  |TAMS 0x0000000713e00000, 0x0000000713e00000| Untracked 
|  66|0x0000000714000000, 0x0000000714000000, 0x0000000714200000|  0%| F|  |TAMS 0x0000000714000000, 0x0000000714000000| Untracked 
|  67|0x0000000714200000, 0x0000000714200000, 0x0000000714400000|  0%| F|  |TAMS 0x0000000714200000, 0x0000000714200000| Untracked 
|  68|0x0000000714400000, 0x0000000714400000, 0x0000000714600000|  0%| F|  |TAMS 0x0000000714400000, 0x0000000714400000| Untracked 
|  69|0x0000000714600000, 0x0000000714600000, 0x0000000714800000|  0%| F|  |TAMS 0x0000000714600000, 0x0000000714600000| Untracked 
|  70|0x0000000714800000, 0x0000000714800000, 0x0000000714a00000|  0%| F|  |TAMS 0x0000000714800000, 0x0000000714800000| Untracked 
|  71|0x0000000714a00000, 0x0000000714a00000, 0x0000000714c00000|  0%| F|  |TAMS 0x0000000714a00000, 0x0000000714a00000| Untracked 
|  72|0x0000000714c00000, 0x0000000714c00000, 0x0000000714e00000|  0%| F|  |TAMS 0x0000000714c00000, 0x0000000714c00000| Untracked 
|  73|0x0000000714e00000, 0x0000000714e00000, 0x0000000715000000|  0%| F|  |TAMS 0x0000000714e00000, 0x0000000714e00000| Untracked 
|  74|0x0000000715000000, 0x0000000715000000, 0x0000000715200000|  0%| F|  |TAMS 0x0000000715000000, 0x0000000715000000| Untracked 
|  75|0x0000000715200000, 0x0000000715200000, 0x0000000715400000|  0%| F|  |TAMS 0x0000000715200000, 0x0000000715200000| Untracked 
|  76|0x0000000715400000, 0x0000000715400000, 0x0000000715600000|  0%| F|  |TAMS 0x0000000715400000, 0x0000000715400000| Untracked 
|  77|0x0000000715600000, 0x0000000715600000, 0x0000000715800000|  0%| F|  |TAMS 0x0000000715600000, 0x0000000715600000| Untracked 
|  78|0x0000000715800000, 0x0000000715800000, 0x0000000715a00000|  0%| F|  |TAMS 0x0000000715800000, 0x0000000715800000| Untracked 
|  79|0x0000000715a00000, 0x0000000715a00000, 0x0000000715c00000|  0%| F|  |TAMS 0x0000000715a00000, 0x0000000715a00000| Untracked 
|  80|0x0000000715c00000, 0x0000000715c00000, 0x0000000715e00000|  0%| F|  |TAMS 0x0000000715c00000, 0x0000000715c00000| Untracked 
|  81|0x0000000715e00000, 0x0000000715e00000, 0x0000000716000000|  0%| F|  |TAMS 0x0000000715e00000, 0x0000000715e00000| Untracked 
|  82|0x0000000716000000, 0x0000000716000000, 0x0000000716200000|  0%| F|  |TAMS 0x0000000716000000, 0x0000000716000000| Untracked 
|  83|0x0000000716200000, 0x0000000716200000, 0x0000000716400000|  0%| F|  |TAMS 0x0000000716200000, 0x0000000716200000| Untracked 
|  84|0x0000000716400000, 0x0000000716400000, 0x0000000716600000|  0%| F|  |TAMS 0x0000000716400000, 0x0000000716400000| Untracked 
|  85|0x0000000716600000, 0x0000000716600000, 0x0000000716800000|  0%| F|  |TAMS 0x0000000716600000, 0x0000000716600000| Untracked 
|  86|0x0000000716800000, 0x0000000716800000, 0x0000000716a00000|  0%| F|  |TAMS 0x0000000716800000, 0x0000000716800000| Untracked 
|  87|0x0000000716a00000, 0x0000000716a00000, 0x0000000716c00000|  0%| F|  |TAMS 0x0000000716a00000, 0x0000000716a00000| Untracked 
|  88|0x0000000716c00000, 0x0000000716c00000, 0x0000000716e00000|  0%| F|  |TAMS 0x0000000716c00000, 0x0000000716c00000| Untracked 
|  89|0x0000000716e00000, 0x0000000716e00000, 0x0000000717000000|  0%| F|  |TAMS 0x0000000716e00000, 0x0000000716e00000| Untracked 
|  90|0x0000000717000000, 0x0000000717000000, 0x0000000717200000|  0%| F|  |TAMS 0x0000000717000000, 0x0000000717000000| Untracked 
|  91|0x0000000717200000, 0x0000000717200000, 0x0000000717400000|  0%| F|  |TAMS 0x0000000717200000, 0x0000000717200000| Untracked 
|  92|0x0000000717400000, 0x0000000717400000, 0x0000000717600000|  0%| F|  |TAMS 0x0000000717400000, 0x0000000717400000| Untracked 
|  93|0x0000000717600000, 0x0000000717600000, 0x0000000717800000|  0%| F|  |TAMS 0x0000000717600000, 0x0000000717600000| Untracked 
|  94|0x0000000717800000, 0x0000000717800000, 0x0000000717a00000|  0%| F|  |TAMS 0x0000000717800000, 0x0000000717800000| Untracked 
|  95|0x0000000717a00000, 0x0000000717a00000, 0x0000000717c00000|  0%| F|  |TAMS 0x0000000717a00000, 0x0000000717a00000| Untracked 
|  96|0x0000000717c00000, 0x0000000717c00000, 0x0000000717e00000|  0%| F|  |TAMS 0x0000000717c00000, 0x0000000717c00000| Untracked 
|  97|0x0000000717e00000, 0x0000000717e00000, 0x0000000718000000|  0%| F|  |TAMS 0x0000000717e00000, 0x0000000717e00000| Untracked 
|  98|0x0000000718000000, 0x0000000718000000, 0x0000000718200000|  0%| F|  |TAMS 0x0000000718000000, 0x0000000718000000| Untracked 
|  99|0x0000000718200000, 0x0000000718200000, 0x0000000718400000|  0%| F|  |TAMS 0x0000000718200000, 0x0000000718200000| Untracked 
| 100|0x0000000718400000, 0x0000000718400000, 0x0000000718600000|  0%| F|  |TAMS 0x0000000718400000, 0x0000000718400000| Untracked 
| 101|0x0000000718600000, 0x0000000718600000, 0x0000000718800000|  0%| F|  |TAMS 0x0000000718600000, 0x0000000718600000| Untracked 
| 102|0x0000000718800000, 0x0000000718800000, 0x0000000718a00000|  0%| F|  |TAMS 0x0000000718800000, 0x0000000718800000| Untracked 
| 103|0x0000000718a00000, 0x0000000718a00000, 0x0000000718c00000|  0%| F|  |TAMS 0x0000000718a00000, 0x0000000718a00000| Untracked 
| 104|0x0000000718c00000, 0x0000000718c00000, 0x0000000718e00000|  0%| F|  |TAMS 0x0000000718c00000, 0x0000000718c00000| Untracked 
| 105|0x0000000718e00000, 0x0000000718e00000, 0x0000000719000000|  0%| F|  |TAMS 0x0000000718e00000, 0x0000000718e00000| Untracked 
| 106|0x0000000719000000, 0x0000000719000000, 0x0000000719200000|  0%| F|  |TAMS 0x0000000719000000, 0x0000000719000000| Untracked 
| 107|0x0000000719200000, 0x0000000719200000, 0x0000000719400000|  0%| F|  |TAMS 0x0000000719200000, 0x0000000719200000| Untracked 
| 108|0x0000000719400000, 0x0000000719400000, 0x0000000719600000|  0%| F|  |TAMS 0x0000000719400000, 0x0000000719400000| Untracked 
| 109|0x0000000719600000, 0x0000000719600000, 0x0000000719800000|  0%| F|  |TAMS 0x0000000719600000, 0x0000000719600000| Untracked 
| 110|0x0000000719800000, 0x0000000719800000, 0x0000000719a00000|  0%| F|  |TAMS 0x0000000719800000, 0x0000000719800000| Untracked 
| 111|0x0000000719a00000, 0x0000000719a00000, 0x0000000719c00000|  0%| F|  |TAMS 0x0000000719a00000, 0x0000000719a00000| Untracked 
| 112|0x0000000719c00000, 0x0000000719c00000, 0x0000000719e00000|  0%| F|  |TAMS 0x0000000719c00000, 0x0000000719c00000| Untracked 
| 113|0x0000000719e00000, 0x0000000719e00000, 0x000000071a000000|  0%| F|  |TAMS 0x0000000719e00000, 0x0000000719e00000| Untracked 
| 114|0x000000071a000000, 0x000000071a000000, 0x000000071a200000|  0%| F|  |TAMS 0x000000071a000000, 0x000000071a000000| Untracked 
| 115|0x000000071a200000, 0x000000071a200000, 0x000000071a400000|  0%| F|  |TAMS 0x000000071a200000, 0x000000071a200000| Untracked 
| 116|0x000000071a400000, 0x000000071a400000, 0x000000071a600000|  0%| F|  |TAMS 0x000000071a400000, 0x000000071a400000| Untracked 
| 117|0x000000071a600000, 0x000000071a600000, 0x000000071a800000|  0%| F|  |TAMS 0x000000071a600000, 0x000000071a600000| Untracked 
| 118|0x000000071a800000, 0x000000071a800000, 0x000000071aa00000|  0%| F|  |TAMS 0x000000071a800000, 0x000000071a800000| Untracked 
| 119|0x000000071aa00000, 0x000000071aa00000, 0x000000071ac00000|  0%| F|  |TAMS 0x000000071aa00000, 0x000000071aa00000| Untracked 
| 120|0x000000071ac00000, 0x000000071ac00000, 0x000000071ae00000|  0%| F|  |TAMS 0x000000071ac00000, 0x000000071ac00000| Untracked 
| 121|0x000000071ae00000, 0x000000071af52710, 0x000000071b000000| 66%| E|  |TAMS 0x000000071ae00000, 0x000000071ae00000| Complete 
| 122|0x000000071b000000, 0x000000071b200000, 0x000000071b200000|100%| E|CS|TAMS 0x000000071b000000, 0x000000071b000000| Complete 

Card table byte_map: [0x000002b7cdec0000,0x000002b7ce670000] _byte_map_base: 0x000002b7ca662000

Marking Bits (Prev, Next): (CMBitMap*) 0x000002b7b65d8060, (CMBitMap*) 0x000002b7b65d80a0
 Prev Bits: [0x000002b7cee20000, 0x000002b7d2b30000)
 Next Bits: [0x000002b7d2b30000, 0x000002b7d6840000)

Polling page: 0x000002b7b4580000

Metaspace:

Usage:
  Non-class:    550.84 KB used.
      Class:     42.13 KB used.
       Both:    592.98 KB used.

Virtual space:
  Non-class space:       64.00 MB reserved,     576.00 KB ( <1%) committed,  1 nodes.
      Class space:        1.00 GB reserved,     128.00 KB ( <1%) committed,  1 nodes.
             Both:        1.06 GB reserved,     704.00 KB ( <1%) committed. 

Chunk freelists:
   Non-Class:  11.94 MB
       Class:  15.73 MB
        Both:  27.66 MB

MaxMetaspaceSize: unlimited
CompressedClassSpaceSize: 1.00 GB
Initial GC threshold: 21.00 MB
Current GC threshold: 21.00 MB
CDS: on
MetaspaceReclaimPolicy: balanced
 - commit_granule_bytes: 65536.
 - commit_granule_words: 8192.
 - virtual_space_node_default_size: 8388608.
 - enlarge_chunks_in_place: 1.
 - new_chunks_are_fully_committed: 0.
 - uncommit_free_chunks: 1.
 - use_allocation_guard: 0.
 - handle_deallocations: 1.


Internal statistics:

num_allocs_failed_limit: 0.
num_arena_births: 46.
num_arena_deaths: 0.
num_vsnodes_births: 2.
num_vsnodes_deaths: 0.
num_space_committed: 11.
num_space_uncommitted: 0.
num_chunks_returned_to_freelist: 0.
num_chunks_taken_from_freelist: 58.
num_chunk_merges: 0.
num_chunk_splits: 37.
num_chunks_enlarged: 15.
num_inconsistent_stats: 0.

CodeHeap 'non-profiled nmethods': size=119168Kb used=97Kb max_used=97Kb free=119070Kb
 bounds [0x000002b7c5a30000, 0x000002b7c5ca0000, 0x000002b7cce90000]
CodeHeap 'profiled nmethods': size=119104Kb used=288Kb max_used=288Kb free=118815Kb
 bounds [0x000002b7bde90000, 0x000002b7be100000, 0x000002b7c52e0000]
CodeHeap 'non-nmethods': size=7488Kb used=2800Kb max_used=2800Kb free=4687Kb
 bounds [0x000002b7c52e0000, 0x000002b7c55a0000, 0x000002b7c5a30000]
 total_blobs=649 nmethods=272 adapters=287
 compilation: enabled
              stopped_count=0, restarted_count=0
 full_count=0

Compilation events (20 events):
Event: 6.061 Thread 0x000002b7d98fbcf0 nmethod 229 0x000002b7bdecd590 code [0x000002b7bdecd7c0, 0x000002b7bdecddd8]
Event: 6.061 Thread 0x000002b7d98fbcf0  224       3       jdk.internal.org.objectweb.asm.SymbolTable$Entry::<init> (17 bytes)
Event: 6.061 Thread 0x000002b7d98fbcf0 nmethod 224 0x000002b7bdece110 code [0x000002b7bdece2c0, 0x000002b7bdece448]
Event: 6.061 Thread 0x000002b7d98fbcf0  225       3       java.lang.invoke.MemberName::isConstructor (8 bytes)
Event: 6.061 Thread 0x000002b7d98fbcf0 nmethod 225 0x000002b7bdece510 code [0x000002b7bdece6c0, 0x000002b7bdece8f8]
Event: 6.061 Thread 0x000002b7d98fbcf0  228       3       jdk.internal.org.objectweb.asm.ByteVector::putByte (39 bytes)
Event: 6.061 Thread 0x000002b7d98fbcf0 nmethod 228 0x000002b7bdecea10 code [0x000002b7bdecebc0, 0x000002b7bdeceda8]
Event: 6.061 Thread 0x000002b7d98fbcf0  227       3       java.lang.Math::max (11 bytes)
Event: 6.061 Thread 0x000002b7d98fbcf0 nmethod 227 0x000002b7bdecef10 code [0x000002b7bdecf0a0, 0x000002b7bdecf1d8]
Event: 6.061 Thread 0x000002b7d98fbcf0  223       3       java.util.Arrays::copyOf (40 bytes)
Event: 6.061 Thread 0x000002b7d98fbcf0 nmethod 223 0x000002b7bdecf290 code [0x000002b7bdecf480, 0x000002b7bdecfb68]
Event: 6.061 Thread 0x000002b7d98fbcf0  226       3       sun.invoke.util.Wrapper::findPrimitiveType (25 bytes)
Event: 6.062 Thread 0x000002b7d98fbcf0 nmethod 226 0x000002b7bdecfd90 code [0x000002b7bded0000, 0x000002b7bded0b48]
Event: 6.062 Thread 0x000002b7d98fbcf0  235       3       jdk.internal.org.objectweb.asm.Frame::execute (2305 bytes)
Event: 6.067 Thread 0x000002b7d98fa330  265       4       jdk.internal.org.objectweb.asm.SymbolTable::get (13 bytes)
Event: 6.070 Thread 0x000002b7d98fa330 nmethod 265 0x000002b7c5a46590 code [0x000002b7c5a46700, 0x000002b7c5a467d8]
Event: 6.073 Thread 0x000002b7d98fa330  266       4       java.lang.String::charAt (25 bytes)
Event: 6.073 Thread 0x000002b7d9b1df10  257       3       java.lang.invoke.LambdaForm$Name::useCount (51 bytes)
Event: 6.073 Thread 0x000002b7d9b1e420  245       3       java.lang.invoke.MethodTypeForm::canonicalizeAll (63 bytes)
Event: 6.073 Thread 0x000002b7d9b1e930  237       3       jdk.internal.org.objectweb.asm.Frame::push (109 bytes)

GC Heap History (0 events):
No events

Deoptimization events (4 events):
Event: 6.054 Thread 0x000002b7b656ec10 Uncommon trap: trap_request=0xffffff45 fr.pc=0x000002b7c5a3b304 relative=0x0000000000000084
Event: 6.054 Thread 0x000002b7b656ec10 Uncommon trap: reason=unstable_if action=reinterpret pc=0x000002b7c5a3b304 method=java.lang.String.charAt(I)C @ 4 c2
Event: 6.054 Thread 0x000002b7b656ec10 DEOPT PACKING pc=0x000002b7c5a3b304 sp=0x000000ef75efe310
Event: 6.054 Thread 0x000002b7b656ec10 DEOPT UNPACKING pc=0x000002b7c5335ba3 sp=0x000000ef75efe2b0 mode 2

Classes unloaded (0 events):
No events

Classes redefined (0 events):
No events

Internal exceptions (0 events):
No events

VM Operations (4 events):
Event: 1.034 Executing VM operation: Cleanup
Event: 1.034 Executing VM operation: Cleanup done
Event: 6.063 Executing VM operation: Cleanup
Event: 6.063 Executing VM operation: Cleanup done

Events (20 events):
Event: 0.082 loading class sun/net/www/protocol/jrt/Handler
Event: 0.082 loading class sun/net/www/protocol/jrt/Handler done
Event: 0.086 loading class sun/util/resources/LocaleData$CommonResourceBundleProvider
Event: 0.086 loading class sun/util/resources/LocaleData$LocaleDataResourceBundleProvider
Event: 0.086 loading class java/util/spi/ResourceBundleProvider
Event: 0.086 loading class java/util/spi/ResourceBundleProvider done
Event: 0.086 loading class sun/util/resources/LocaleData$LocaleDataResourceBundleProvider done
Event: 0.086 loading class sun/util/resources/LocaleData$CommonResourceBundleProvider done
Event: 0.086 loading class sun/util/resources/Bundles$2
Event: 0.087 loading class sun/util/resources/Bundles$2 done
Event: 0.087 loading class java/lang/InstantiationException
Event: 0.087 loading class java/lang/InstantiationException done
Event: 0.087 loading class java/lang/IllegalAccessException
Event: 0.087 loading class java/lang/IllegalAccessException done
Event: 1.836 loading class java/util/regex/Matcher$ImmutableMatchResult
Event: 1.836 loading class java/util/regex/Matcher$ImmutableMatchResult done
Event: 5.097 Thread 0x000002b7d99df1c0 Thread exited: 0x000002b7d99df1c0
Event: 6.071 Thread 0x000002b7d9b1df10 Thread added: 0x000002b7d9b1df10
Event: 6.072 Thread 0x000002b7d9b1e420 Thread added: 0x000002b7d9b1e420
Event: 6.073 Thread 0x000002b7d9b1e930 Thread added: 0x000002b7d9b1e930


Dynamic libraries:
0x00007ff7b15d0000 - 0x00007ff7b15e0000 	C:\Program Files\Java\jdk-17\bin\javaw.exe
0x00007fff9bff0000 - 0x00007fff9c208000 	C:\Windows\SYSTEM32\ntdll.dll
0x00007fff9a960000 - 0x00007fff9aa24000 	C:\Windows\System32\KERNEL32.DLL
0x00007fff99500000 - 0x00007fff998d3000 	C:\Windows\System32\KERNELBASE.dll
0x00007fff99220000 - 0x00007fff99331000 	C:\Windows\System32\ucrtbase.dll
0x00007fff877c0000 - 0x00007fff877db000 	C:\Program Files\Java\jdk-17\bin\VCRUNTIME140.dll
0x00007fff877a0000 - 0x00007fff877b9000 	C:\Program Files\Java\jdk-17\bin\jli.dll
0x00007fff9a870000 - 0x00007fff9a921000 	C:\Windows\System32\ADVAPI32.dll
0x00007fff99e70000 - 0x00007fff99f17000 	C:\Windows\System32\msvcrt.dll
0x00007fff99ce0000 - 0x00007fff99d88000 	C:\Windows\System32\sechost.dll
0x00007fff998e0000 - 0x00007fff99908000 	C:\Windows\System32\bcrypt.dll
0x00007fff9bcd0000 - 0x00007fff9bde8000 	C:\Windows\System32\RPCRT4.dll
0x00007fff9a6a0000 - 0x00007fff9a852000 	C:\Windows\System32\USER32.dll
0x00007fff99910000 - 0x00007fff99936000 	C:\Windows\System32\win32u.dll
0x00007fff9a930000 - 0x00007fff9a959000 	C:\Windows\System32\GDI32.dll
0x00007fff99100000 - 0x00007fff9921b000 	C:\Windows\System32\gdi32full.dll
0x00007fff85820000 - 0x00007fff85abc000 	C:\Windows\WinSxS\amd64_microsoft.windows.common-controls_6595b64144ccf1df_6.0.22621.6060_none_2712eda17382d24b\COMCTL32.dll
0x00007fff99940000 - 0x00007fff999da000 	C:\Windows\System32\msvcp_win.dll
0x00007fff85290000 - 0x00007fff8529a000 	C:\Windows\SYSTEM32\VERSION.dll
0x00007fff9abe0000 - 0x00007fff9ac11000 	C:\Windows\System32\IMM32.DLL
0x00007fff91440000 - 0x00007fff9144c000 	C:\Program Files\Java\jdk-17\bin\vcruntime140_1.dll
0x00007fff72210000 - 0x00007fff7229e000 	C:\Program Files\Java\jdk-17\bin\msvcp140.dll
0x00007fff09fc0000 - 0x00007fff0aba0000 	C:\Program Files\Java\jdk-17\bin\server\jvm.dll
0x00007fff9abd0000 - 0x00007fff9abd8000 	C:\Windows\System32\PSAPI.DLL
0x00007fff931c0000 - 0x00007fff931f4000 	C:\Windows\SYSTEM32\WINMM.dll
0x00007fff93590000 - 0x00007fff93599000 	C:\Windows\SYSTEM32\WSOCK32.dll
0x00007fff9b230000 - 0x00007fff9b2a1000 	C:\Windows\System32\WS2_32.dll
0x00007fff98190000 - 0x00007fff981a8000 	C:\Windows\SYSTEM32\kernel.appcore.dll
0x00007fff878e0000 - 0x00007fff878ea000 	C:\Program Files\Java\jdk-17\bin\jimage.dll
0x00007fff96560000 - 0x00007fff96793000 	C:\Windows\SYSTEM32\DBGHELP.DLL
0x00007fff9ace0000 - 0x00007fff9b071000 	C:\Windows\System32\combase.dll
0x00007fff99d90000 - 0x00007fff99e68000 	C:\Windows\System32\OLEAUT32.dll
0x00007fff79160000 - 0x00007fff79192000 	C:\Windows\SYSTEM32\dbgcore.DLL
0x00007fff99340000 - 0x00007fff993bb000 	C:\Windows\System32\bcryptPrimitives.dll
0x00007fff876f0000 - 0x00007fff87715000 	C:\Program Files\Java\jdk-17\bin\java.dll
0x00007fff70bc0000 - 0x00007fff70c97000 	C:\Program Files\Java\jdk-17\bin\jsvml.dll
0x00007fff9b320000 - 0x00007fff9bbbc000 	C:\Windows\System32\SHELL32.dll
0x00007fff993c0000 - 0x00007fff994ff000 	C:\Windows\System32\wintypes.dll
0x00007fff96fc0000 - 0x00007fff978da000 	C:\Windows\SYSTEM32\windows.storage.dll
0x00007fff9a590000 - 0x00007fff9a694000 	C:\Windows\System32\SHCORE.dll
0x00007fff9a3c0000 - 0x00007fff9a429000 	C:\Windows\System32\shlwapi.dll
0x00007fff99030000 - 0x00007fff99055000 	C:\Windows\SYSTEM32\profapi.dll

dbghelp: loaded successfully - version: 4.0.5 - missing functions: none
symbol engine: initialized successfully - sym options: 0x614 - pdb path: .;C:\Program Files\Java\jdk-17\bin;C:\Windows\SYSTEM32;C:\Windows\WinSxS\amd64_microsoft.windows.common-controls_6595b64144ccf1df_6.0.22621.6060_none_2712eda17382d24b;C:\Program Files\Java\jdk-17\bin\server

VM Arguments:
jvm_args: -Dfile.encoding=UTF-8 -Dstdout.encoding=UTF-8 -Dstderr.encoding=UTF-8 -XX:+ShowCodeDetailsInExceptionMessages 
java_command: chapter03.whileTest.Example06
java_class_path (initial): C:\gabia_2026\JAVA_WS\Java_Step1\bin
Launcher Type: SUN_STANDARD

[Global flags]
     intx CICompilerCount                          = 12                                        {product} {ergonomic}
     uint ConcGCThreads                            = 3                                         {product} {ergonomic}
     uint G1ConcRefinementThreads                  = 13                                        {product} {ergonomic}
   size_t G1HeapRegionSize                         = 2097152                                   {product} {ergonomic}
    uintx GCDrainStackTargetSize                   = 64                                        {product} {ergonomic}
   size_t InitialHeapSize                          = 257949696                                 {product} {ergonomic}
   size_t MarkStackSize                            = 4194304                                   {product} {ergonomic}
   size_t MaxHeapSize                              = 4097835008                                {product} {ergonomic}
   size_t MaxNewSize                               = 2457862144                                {product} {ergonomic}
   size_t MinHeapDeltaBytes                        = 2097152                                   {product} {ergonomic}
   size_t MinHeapSize                              = 8388608                                   {product} {ergonomic}
    uintx NonNMethodCodeHeapSize                   = 7602480                                {pd product} {ergonomic}
    uintx NonProfiledCodeHeapSize                  = 122027880                              {pd product} {ergonomic}
    uintx ProfiledCodeHeapSize                     = 122027880                              {pd product} {ergonomic}
    uintx ReservedCodeCacheSize                    = 251658240                              {pd product} {ergonomic}
     bool SegmentedCodeCache                       = true                                      {product} {ergonomic}
     bool ShowCodeDetailsInExceptionMessages       = true                                   {manageable} {command line}
   size_t SoftMaxHeapSize                          = 4097835008                             {manageable} {ergonomic}
     bool UseCompressedClassPointers               = true                           {product lp64_product} {ergonomic}
     bool UseCompressedOops                        = true                           {product lp64_product} {ergonomic}
     bool UseG1GC                                  = true                                      {product} {ergonomic}
     bool UseLargePagesIndividualAllocation        = false                                  {pd product} {ergonomic}

Logging:
Log output configuration:
 #0: stdout all=warning uptime,level,tags
 #1: stderr all=off uptime,level,tags

Environment Variables:
JAVA_HOME=C:\Program Files\Java\jdk-17
PATH=C:/gabia_2026/개발환경/eclipse//plugins/org.eclipse.justj.openjdk.hotspot.jre.full.win32.x86_64_21.0.5.v20241023-1957/jre/bin/server;C:/gabia_2026/개발환경/eclipse//plugins/org.eclipse.justj.openjdk.hotspot.jre.full.win32.x86_64_21.0.5.v20241023-1957/jre/bin;C:\Program Files\Common Files\Oracle\Java\javapath;C:\Windows\system32;C:\Windows;C:\Windows\System32\Wbem;C:\Windows\System32\WindowsPowerShell\v1.0\;C:\Windows\System32\OpenSSH\;C:\Program Files\Java\jdk-17\bin\;C:\Program Files\Bandizip\;C:\Program Files\cursor\resources\app\bin;C:\Users\USER\AppData\Local\Microsoft\WindowsApps;C:\Users\USER\AppData\Local\Programs\Microsoft VS Code\bin;C:\gabia_2026\개발환경\eclipse;
USERNAME=USER
OS=Windows_NT
PROCESSOR_IDENTIFIER=AMD64 Family 25 Model 117 Stepping 2, AuthenticAMD



---------------  S Y S T E M  ---------------

OS:
 Windows 11 , 64 bit Build 22621 (10.0.22621.5415)
OS uptime: 1 days 21:51 hours
Hyper-V role detected

CPU: total 16 (initial active 16) (16 cores per cpu, 2 threads per core) family 25 model 117 stepping 2 microcode 0x0, cx8, cmov, fxsr, ht, mmx, 3dnowpref, sse, sse2, sse3, ssse3, sse4a, sse4.1, sse4.2, popcnt, lzcnt, tsc, tscinvbit, avx, avx2, aes, erms, clmul, bmi1, bmi2, adx, avx512f, avx512dq, avx512cd, avx512bw, avx512vl, sha, fma, vzeroupper, avx512_vpopcntdq, avx512_vpclmulqdq, avx512_vaes, avx512_vnni, clflush, clflushopt, avx512_vbmi2, avx512_vbmi, hv

Memory: 4k page, system-wide physical 15627M (3060M free)
TotalPageFile size 34827M (AvailPageFile size 4M)
current process WorkingSet (physical memory assigned to process): 39M, peak: 39M
current process commit charge ("private bytes"): 346M, peak: 346M

vm_info: Java HotSpot(TM) 64-Bit Server VM (17.0.17+8-LTS-360) for windows-amd64 JRE (17.0.17+8-LTS-360), built on Sep 27 2025 05:17:01 by "mach5run" with MS VC++ 17.6 (VS2022)

END.
