#
# There is insufficient memory for the Java Runtime Environment to continue.
# Native memory allocation (mmap) failed to map 257949696 bytes for G1 virtual space
# Possible reasons:
#   The system is out of physical RAM or swap space
#   The process is running with CompressedOops enabled, and the Java Heap may be blocking the growth of the native heap
# Possible solutions:
#   Reduce memory load on the system
#   Increase physical memory or swap space
#   Check if swap backing store is full
#   Decrease Java heap size (-Xmx/-Xms)
#   Decrease number of Java threads
#   Decrease Java thread stack sizes (-Xss)
#   Set larger code cache with -XX:ReservedCodeCacheSize=
#   JVM is running with Zero Based Compressed Oops mode in which the Java heap is
#     placed in the first 32GB address space. The Java Heap base address is the
#     maximum limit for the native heap growth. Please use -XX:HeapBaseMinAddress
#     to set the Java Heap base and to place the Java Heap above 32GB virtual address.
# This output file may be truncated or incomplete.
#
#  Out of Memory Error (os_windows.cpp:3551), pid=7064, tid=356
#
# JRE version:  (17.0.17+8) (build )
# Java VM: Java HotSpot(TM) 64-Bit Server VM (17.0.17+8-LTS-360, mixed mode, sharing, tiered, compressed oops, compressed class ptrs, g1 gc, windows-amd64)
# No core dump will be written. Minidumps are not enabled by default on client versions of Windows
#

---------------  S U M M A R Y ------------

Command Line: -Dfile.encoding=UTF-8 -Dstdout.encoding=UTF-8 -Dstderr.encoding=UTF-8 -XX:+ShowCodeDetailsInExceptionMessages chapter03.whileTest.Example06

Host: AMD Ryzen 7 8845HS w/ Radeon 780M Graphics, 16 cores, 15G,  Windows 11 , 64 bit Build 22621 (10.0.22621.5415)
Time: Tue Dec 23 14:49:04 2025  Windows 11 , 64 bit Build 22621 (10.0.22621.5415) elapsed time: 0.010930 seconds (0d 0h 0m 0s)

---------------  T H R E A D  ---------------

Current thread (0x000001d9d537f550):  JavaThread "Unknown thread" [_thread_in_vm, id=356, stack(0x000000c821b00000,0x000000c821c00000)]

Stack: [0x000000c821b00000,0x000000c821c00000]
Native frames: (J=compiled Java code, j=interpreted, Vv=VM code, C=native code)
V  [jvm.dll+0x67a0ea]
V  [jvm.dll+0x7da56d]
V  [jvm.dll+0x7dbeb3]
V  [jvm.dll+0x7dc523]
V  [jvm.dll+0x2453af]
V  [jvm.dll+0x677119]
V  [jvm.dll+0x66bda2]
V  [jvm.dll+0x3022a6]
V  [jvm.dll+0x309846]
V  [jvm.dll+0x35a25e]
V  [jvm.dll+0x35a48f]
V  [jvm.dll+0x2d9378]
V  [jvm.dll+0x2da2e4]
V  [jvm.dll+0x7acd41]
V  [jvm.dll+0x367ac1]
V  [jvm.dll+0x78bcf9]
V  [jvm.dll+0x3ed10e]
V  [jvm.dll+0x3eed41]
C  [jli.dll+0x5297]
C  [ucrtbase.dll+0x29333]
C  [KERNEL32.DLL+0x1259d]
C  [ntdll.dll+0x5af78]


---------------  P R O C E S S  ---------------

Threads class SMR info:
_java_thread_list=0x00007fff0aa77a18, length=0, elements={
}

Java Threads: ( => current thread )

Other Threads:
  0x000001d9d53e9060 GCTaskThread "GC Thread#0" [stack: 0x000000c821c00000,0x000000c821d00000] [id=20752]
  0x000001d9d53f9b90 ConcurrentGCThread "G1 Main Marker" [stack: 0x000000c821d00000,0x000000c821e00000] [id=19380]
  0x000001d9d53fc4b0 ConcurrentGCThread "G1 Conc#0" [stack: 0x000000c821e00000,0x000000c821f00000] [id=19480]

[error occurred during error reporting (printing all threads), id 0xc0000005, EXCEPTION_ACCESS_VIOLATION (0xc0000005) at pc=0x00007fff0a2a9e67]

VM state: not at safepoint (not fully initialized)

VM Mutex/Monitor currently owned by a thread:  ([mutex/lock_event])
[0x000001d9d537a630] Heap_lock - owner thread: 0x000001d9d537f550

Heap address: 0x000000070bc00000, size: 3908 MB, Compressed Oops mode: Zero based, Oop shift amount: 3

CDS archive(s) mapped at: [0x0000000000000000-0x0000000000000000-0x0000000000000000), size 0, SharedBaseAddress: 0x0000000800000000, ArchiveRelocationMode: 1.
Narrow klass base: 0x0000000000000000, Narrow klass shift: 0, Narrow klass range: 0x0

GC Precious Log:
<Empty>

Heap:
 garbage-first heap   total 0K, used 0K [0x000000070bc00000, 0x0000000800000000)
  region size 2048K, 0 young (0K), 0 survivors (0K)

[error occurred during error reporting (printing heap information), id 0xc0000005, EXCEPTION_ACCESS_VIOLATION (0xc0000005) at pc=0x00007fff0a693949]

GC Heap History (0 events):
No events

Deoptimization events (0 events):
No events

Classes unloaded (0 events):
No events

Classes redefined (0 events):
No events

Internal exceptions (0 events):
No events

VM Operations (0 events):
No events

Events (1 events):
Event: 0.007 Loaded shared library C:\Program Files\Java\jdk-17\bin\java.dll


Dynamic libraries:
0x00007ff7b15d0000 - 0x00007ff7b15e0000 	C:\Program Files\Java\jdk-17\bin\javaw.exe
0x00007fff9bff0000 - 0x00007fff9c208000 	C:\Windows\SYSTEM32\ntdll.dll
0x00007fff9a960000 - 0x00007fff9aa24000 	C:\Windows\System32\KERNEL32.DLL
0x00007fff99500000 - 0x00007fff998d3000 	C:\Windows\System32\KERNELBASE.dll
0x00007fff99220000 - 0x00007fff99331000 	C:\Windows\System32\ucrtbase.dll
0x00007fff877c0000 - 0x00007fff877db000 	C:\Program Files\Java\jdk-17\bin\VCRUNTIME140.dll
0x00007fff877a0000 - 0x00007fff877b9000 	C:\Program Files\Java\jdk-17\bin\jli.dll
0x00007fff9a870000 - 0x00007fff9a921000 	C:\Windows\System32\ADVAPI32.dll
0x00007fff99e70000 - 0x00007fff99f17000 	C:\Windows\System32\msvcrt.dll
0x00007fff99ce0000 - 0x00007fff99d88000 	C:\Windows\System32\sechost.dll
0x00007fff998e0000 - 0x00007fff99908000 	C:\Windows\System32\bcrypt.dll
0x00007fff9bcd0000 - 0x00007fff9bde8000 	C:\Windows\System32\RPCRT4.dll
0x00007fff9a6a0000 - 0x00007fff9a852000 	C:\Windows\System32\USER32.dll
0x00007fff99910000 - 0x00007fff99936000 	C:\Windows\System32\win32u.dll
0x00007fff9a930000 - 0x00007fff9a959000 	C:\Windows\System32\GDI32.dll
0x00007fff99100000 - 0x00007fff9921b000 	C:\Windows\System32\gdi32full.dll
0x00007fff85820000 - 0x00007fff85abc000 	C:\Windows\WinSxS\amd64_microsoft.windows.common-controls_6595b64144ccf1df_6.0.22621.6060_none_2712eda17382d24b\COMCTL32.dll
0x00007fff99940000 - 0x00007fff999da000 	C:\Windows\System32\msvcp_win.dll
0x00007fff85290000 - 0x00007fff8529a000 	C:\Windows\SYSTEM32\VERSION.dll
0x00007fff9abe0000 - 0x00007fff9ac11000 	C:\Windows\System32\IMM32.DLL
0x00007fff91440000 - 0x00007fff9144c000 	C:\Program Files\Java\jdk-17\bin\vcruntime140_1.dll
0x00007fff72210000 - 0x00007fff7229e000 	C:\Program Files\Java\jdk-17\bin\msvcp140.dll
0x00007fff09fc0000 - 0x00007fff0aba0000 	C:\Program Files\Java\jdk-17\bin\server\jvm.dll
0x00007fff9abd0000 - 0x00007fff9abd8000 	C:\Windows\System32\PSAPI.DLL
0x00007fff93590000 - 0x00007fff93599000 	C:\Windows\SYSTEM32\WSOCK32.dll
0x00007fff931c0000 - 0x00007fff931f4000 	C:\Windows\SYSTEM32\WINMM.dll
0x00007fff9b230000 - 0x00007fff9b2a1000 	C:\Windows\System32\WS2_32.dll
0x00007fff98190000 - 0x00007fff981a8000 	C:\Windows\SYSTEM32\kernel.appcore.dll
0x00007fff878e0000 - 0x00007fff878ea000 	C:\Program Files\Java\jdk-17\bin\jimage.dll
0x00007fff96560000 - 0x00007fff96793000 	C:\Windows\SYSTEM32\DBGHELP.DLL
0x00007fff9ace0000 - 0x00007fff9b071000 	C:\Windows\System32\combase.dll
0x00007fff99d90000 - 0x00007fff99e68000 	C:\Windows\System32\OLEAUT32.dll
0x00007fff79160000 - 0x00007fff79192000 	C:\Windows\SYSTEM32\dbgcore.DLL
0x00007fff99340000 - 0x00007fff993bb000 	C:\Windows\System32\bcryptPrimitives.dll
0x00007fff876f0000 - 0x00007fff87715000 	C:\Program Files\Java\jdk-17\bin\java.dll

dbghelp: loaded successfully - version: 4.0.5 - missing functions: none
symbol engine: initialized successfully - sym options: 0x614 - pdb path: .;C:\Program Files\Java\jdk-17\bin;C:\Windows\SYSTEM32;C:\Windows\WinSxS\amd64_microsoft.windows.common-controls_6595b64144ccf1df_6.0.22621.6060_none_2712eda17382d24b;C:\Program Files\Java\jdk-17\bin\server

VM Arguments:
jvm_args: -Dfile.encoding=UTF-8 -Dstdout.encoding=UTF-8 -Dstderr.encoding=UTF-8 -XX:+ShowCodeDetailsInExceptionMessages 
java_command: chapter03.whileTest.Example06
java_class_path (initial): C:\gabia_2026\JAVA_WS\Java_Step1\bin
Launcher Type: SUN_STANDARD

[Global flags]
     intx CICompilerCount                          = 12                                        {product} {ergonomic}
     uint ConcGCThreads                            = 3                                         {product} {ergonomic}
     uint G1ConcRefinementThreads                  = 13                                        {product} {ergonomic}
   size_t G1HeapRegionSize                         = 2097152                                   {product} {ergonomic}
    uintx GCDrainStackTargetSize                   = 64                                        {product} {ergonomic}
   size_t InitialHeapSize                          = 257949696                                 {product} {ergonomic}
   size_t MarkStackSize                            = 4194304                                   {product} {ergonomic}
   size_t MaxHeapSize                              = 4097835008                                {product} {ergonomic}
   size_t MinHeapDeltaBytes                        = 2097152                                   {product} {ergonomic}
   size_t MinHeapSize                              = 8388608                                   {product} {ergonomic}
    uintx NonNMethodCodeHeapSize                   = 7602480                                {pd product} {ergonomic}
    uintx NonProfiledCodeHeapSize                  = 122027880                              {pd product} {ergonomic}
    uintx ProfiledCodeHeapSize                     = 122027880                              {pd product} {ergonomic}
    uintx ReservedCodeCacheSize                    = 251658240                              {pd product} {ergonomic}
     bool SegmentedCodeCache                       = true                                      {product} {ergonomic}
     bool ShowCodeDetailsInExceptionMessages       = true                                   {manageable} {command line}
   size_t SoftMaxHeapSize                          = 4097835008                             {manageable} {ergonomic}
     bool UseCompressedClassPointers               = true                           {product lp64_product} {ergonomic}
     bool UseCompressedOops                        = true                           {product lp64_product} {ergonomic}
     bool UseG1GC                                  = true                                      {product} {ergonomic}
     bool UseLargePagesIndividualAllocation        = false                                  {pd product} {ergonomic}

Logging:
Log output configuration:
 #0: stdout all=warning uptime,level,tags
 #1: stderr all=off uptime,level,tags

Environment Variables:
JAVA_HOME=C:\Program Files\Java\jdk-17
PATH=C:/gabia_2026/개발환경/eclipse//plugins/org.eclipse.justj.openjdk.hotspot.jre.full.win32.x86_64_21.0.5.v20241023-1957/jre/bin/server;C:/gabia_2026/개발환경/eclipse//plugins/org.eclipse.justj.openjdk.hotspot.jre.full.win32.x86_64_21.0.5.v20241023-1957/jre/bin;C:\Program Files\Common Files\Oracle\Java\javapath;C:\Windows\system32;C:\Windows;C:\Windows\System32\Wbem;C:\Windows\System32\WindowsPowerShell\v1.0\;C:\Windows\System32\OpenSSH\;C:\Program Files\Java\jdk-17\bin\;C:\Program Files\Bandizip\;C:\Program Files\cursor\resources\app\bin;C:\Users\USER\AppData\Local\Microsoft\WindowsApps;C:\Users\USER\AppData\Local\Programs\Microsoft VS Code\bin;C:\gabia_2026\개발환경\eclipse;
USERNAME=USER
OS=Windows_NT
PROCESSOR_IDENTIFIER=AMD64 Family 25 Model 117 Stepping 2, AuthenticAMD



---------------  S Y S T E M  ---------------

OS:
 Windows 11 , 64 bit Build 22621 (10.0.22621.5415)
OS uptime: 1 days 21:46 hours
Hyper-V role detected

CPU: total 16 (initial active 16) (16 cores per cpu, 2 threads per core) family 25 model 117 stepping 2 microcode 0x0, cx8, cmov, fxsr, ht, mmx, 3dnowpref, sse, sse2, sse3, ssse3, sse4a, sse4.1, sse4.2, popcnt, lzcnt, tsc, tscinvbit, avx, avx2, aes, erms, clmul, bmi1, bmi2, adx, avx512f, avx512dq, avx512cd, avx512bw, avx512vl, sha, fma, vzeroupper, avx512_vpopcntdq, avx512_vpclmulqdq, avx512_vaes, avx512_vnni, clflush, clflushopt, avx512_vbmi2, avx512_vbmi, hv

Memory: 4k page, system-wide physical 15627M (2572M free)
TotalPageFile size 34827M (AvailPageFile size 151M)
current process WorkingSet (physical memory assigned to process): 11M, peak: 11M
current process commit charge ("private bytes"): 70M, peak: 316M

vm_info: Java HotSpot(TM) 64-Bit Server VM (17.0.17+8-LTS-360) for windows-amd64 JRE (17.0.17+8-LTS-360), built on Sep 27 2025 05:17:01 by "mach5run" with MS VC++ 17.6 (VS2022)

END.
